STO_STO_CH_002	Run_18270_Lane1_Tag39, Run_18270_Lane2_Tag39, Run_18270_Lane3_Tag39, Run_18270_Lane4_Tag39
STO_STO_CH_003	Run_18270_Lane1_Tag40, Run_18270_Lane2_Tag40, Run_18270_Lane3_Tag40, Run_18270_Lane4_Tag40
AUS_WAL_OA_011	Run_18270_Lane1_Tag57, Run_18270_Lane2_Tag57, Run_18270_Lane3_Tag57, Run_18270_Lane4_Tag57
CAP_CAP_CH_008	Run_17567_Lane1_Tag43, Run_17567_Lane2_Tag43
CAP_CAP_CH_009	Run_17567_Lane1_Tag44, Run_17567_Lane2_Tag44
FRA_LAT_OA_001	Run_17567_Lane1_Tag76, Run_17567_Lane2_Tag76
STA_WHR_OA_011	Run_18270_Lane1_Tag72, Run_18270_Lane2_Tag72, Run_18270_Lane3_Tag72, Run_18270_Lane4_Tag72, Run_23242_Lane1_Tag32, Run_24075_Lane1_Tag32, Run_24075_Lane2_Tag32, Run_24075_Lane3_Tag32, Run_24075_Lane4_Tag32, Run_24075_Lane5_Tag32
STA_WHR_OA_010	Run_18270_Lane1_Tag71, Run_18270_Lane2_Tag71, Run_18270_Lane3_Tag71, Run_18270_Lane4_Tag71
STA_WHR_OA_013	Run_18270_Lane1_Tag74, Run_18270_Lane2_Tag74, Run_18270_Lane3_Tag74, Run_18270_Lane4_Tag74, Run_23242_Lane1_Tag34, Run_24075_Lane1_Tag34, Run_24075_Lane2_Tag34, Run_24075_Lane3_Tag34, Run_24075_Lane4_Tag34, Run_24075_Lane5_Tag34
CAP_CAP_CH_001	Run_17567_Lane1_Tag36, Run_17567_Lane2_Tag36
BEN_BEN_OA_010	Run_17567_Lane1_Tag17, Run_17567_Lane2_Tag17
BEN_BEN_OA_011	Run_17567_Lane1_Tag18, Run_17567_Lane2_Tag18
BEN_BEN_OA_012	Run_17567_Lane1_Tag19, Run_17567_Lane2_Tag19
BEN_BEN_OA_013	Run_17567_Lane1_Tag20, Run_17567_Lane2_Tag20, Run_18489_Lane8_Tag6, Run_18511_Lane1_Tag6
FRA_ORB_OA_002	Run_18270_Lane1_Tag35, Run_18270_Lane2_Tag35, Run_18270_Lane3_Tag35, Run_18270_Lane4_Tag35
FRA_LAT_OA_003	Run_17567_Lane1_Tag78, Run_17567_Lane2_Tag78
FRA_LAT_OA_002	Run_17567_Lane1_Tag77, Run_17567_Lane2_Tag77
CAP_CAP_CH_013	Run_17567_Lane1_Tag49, Run_17567_Lane2_Tag49, Run_18489_Lane8_Tag13, Run_18511_Lane1_Tag13
FRA_CER_CH_003	Run_17567_Lane1_Tag85, Run_17567_Lane2_Tag85, Run_18489_Lane8_Tag28, Run_18511_Lane1_Tag28
FRA_CER_CH_002	Run_17567_Lane1_Tag84, Run_17567_Lane2_Tag84, Run_18489_Lane8_Tag27, Run_18511_Lane1_Tag27
FRA_CER_CH_001	Run_17567_Lane1_Tag83, Run_17567_Lane2_Tag83, Run_18489_Lane8_Tag26, Run_18511_Lane1_Tag26
FRA_CER_CH_004	Run_17567_Lane1_Tag86, Run_17567_Lane2_Tag86, Run_18489_Lane8_Tag29, Run_18511_Lane1_Tag29
BEN_BEN_OA_0012	Run_17567_Lane1_Tag9, Run_17567_Lane2_Tag9
AUS_WAL_OA_008	Run_18270_Lane1_Tag54, Run_18270_Lane2_Tag54, Run_18270_Lane3_Tag54, Run_18270_Lane4_Tag54, Run_23242_Lane1_Tag25, Run_24075_Lane1_Tag25, Run_24075_Lane2_Tag25, Run_24075_Lane3_Tag25, Run_24075_Lane4_Tag25, Run_24075_Lane5_Tag25
AUS_WAL_OA_009	Run_18270_Lane1_Tag55, Run_18270_Lane2_Tag55, Run_18270_Lane3_Tag55, Run_18270_Lane4_Tag55
BRA_BRA_OA_010	Run_17567_Lane1_Tag30, Run_17567_Lane2_Tag30
BRA_BRA_OA_011	Run_17567_Lane1_Tag31, Run_17567_Lane2_Tag31
BRA_BRA_OA_012	Run_17567_Lane1_Tag32, Run_17567_Lane2_Tag32
BRA_BRA_OA_013	Run_17567_Lane1_Tag33, Run_17567_Lane2_Tag33, Run_18489_Lane8_Tag9, Run_18511_Lane1_Tag9
BRA_BRA_OA_014	Run_17567_Lane1_Tag34, Run_17567_Lane2_Tag34
BRA_BRA_OA_015	Run_17567_Lane1_Tag35, Run_17567_Lane2_Tag35
CAP_CAP_CH_0012	Run_17567_Lane1_Tag39, Run_17567_Lane2_Tag39
CAP_CAP_CH_0013	Run_17567_Lane1_Tag40, Run_17567_Lane2_Tag40, Run_18489_Lane8_Tag11, Run_18511_Lane1_Tag11
BEN_BEN_OA_009	Run_17567_Lane1_Tag16, Run_17567_Lane2_Tag16
BEN_BEN_OA_008	Run_17567_Lane1_Tag15, Run_17567_Lane2_Tag15
BEN_BEN_OA_007	Run_17567_Lane1_Tag14, Run_17567_Lane2_Tag14, Run_18489_Lane8_Tag5, Run_18511_Lane1_Tag5
BEN_BEN_OA_006	Run_17567_Lane1_Tag13, Run_17567_Lane2_Tag13
FRA_BOL_CH_003	Run_17881_Lane1_Tag18, Run_17881_Lane2_Tag18, Run_18274_Lane1_Tag18, Run_18274_Lane2_Tag18
CAP_CAP_CH_011	Run_17567_Lane1_Tag46, Run_17567_Lane2_Tag46
CAP_CAP_CH_010	Run_17567_Lane1_Tag45, Run_17567_Lane2_Tag45
BEN_BEN_OA_001	Run_17567_Lane1_Tag6, Run_17567_Lane2_Tag6, Run_18489_Lane8_Tag4, Run_18511_Lane1_Tag4
CAP_CAP_CH_012	Run_17567_Lane1_Tag48, Run_17567_Lane2_Tag48
ZAI_ZAI_OA_0011	Run_18270_Lane1_Tag78, Run_18270_Lane2_Tag78, Run_18270_Lane3_Tag78, Run_18270_Lane4_Tag78
ZAI_ZAI_OA_011	Run_18270_Lane1_Tag86, Run_18270_Lane2_Tag86, Run_18270_Lane3_Tag86, Run_18270_Lane4_Tag86, Run_23242_Lane1_Tag41, Run_24075_Lane1_Tag41, Run_24075_Lane2_Tag41, Run_24075_Lane3_Tag41, Run_24075_Lane4_Tag41, Run_24075_Lane5_Tag41
FRA_GRO_CH_004	Run_17567_Lane1_Tag90, Run_17567_Lane2_Tag90, Run_18489_Lane8_Tag33, Run_18511_Lane1_Tag33
FRA_GRO_CH_003	Run_17567_Lane1_Tag89, Run_17567_Lane2_Tag89, Run_18489_Lane8_Tag32, Run_18511_Lane1_Tag32
FRA_GRO_CH_002	Run_17567_Lane1_Tag88, Run_17567_Lane2_Tag88, Run_18489_Lane8_Tag31, Run_18511_Lane1_Tag31
FRA_GRO_CH_001	Run_17567_Lane1_Tag87, Run_17567_Lane2_Tag87, Run_18489_Lane8_Tag30, Run_18511_Lane1_Tag30
FRA_HOC_CH_003	Run_17881_Lane1_Tag2, Run_17881_Lane2_Tag2, Run_18274_Lane1_Tag2, Run_18274_Lane2_Tag2
FRA_HOC_CH_002	Run_17881_Lane1_Tag1, Run_17881_Lane2_Tag1, Run_18274_Lane1_Tag1, Run_18274_Lane2_Tag1
FRA_HOC_CH_001	Run_17567_Lane1_Tag91, Run_17567_Lane2_Tag91
FRA_GCH_CH_004	Run_17567_Lane1_Tag82, Run_17567_Lane2_Tag82, Run_18489_Lane8_Tag25, Run_18511_Lane1_Tag25
FRA_GCH_CH_003	Run_17567_Lane1_Tag81, Run_17567_Lane2_Tag81, Run_18489_Lane8_Tag24, Run_18511_Lane1_Tag24
FRA_GCH_CH_002	Run_17567_Lane1_Tag80, Run_17567_Lane2_Tag80, Run_18489_Lane8_Tag23, Run_18511_Lane1_Tag23
FRA_GCH_CH_001	Run_17567_Lane1_Tag79, Run_17567_Lane2_Tag79, Run_18489_Lane8_Tag22, Run_18511_Lane1_Tag22
FRA_HOC_CH_004	Run_17881_Lane1_Tag3, Run_17881_Lane2_Tag3, Run_18274_Lane1_Tag3, Run_18274_Lane2_Tag3
FRG_ROB_OA_001	Run_17881_Lane1_Tag44, Run_17881_Lane2_Tag44, Run_18274_Lane1_Tag44, Run_18274_Lane2_Tag44
FRG_ROB_OA_003	Run_17881_Lane1_Tag46, Run_17881_Lane2_Tag46, Run_18274_Lane1_Tag46, Run_18274_Lane2_Tag46
FRG_ROB_OA_002	Run_17881_Lane1_Tag45, Run_17881_Lane2_Tag45, Run_18274_Lane1_Tag45, Run_18274_Lane2_Tag45
FRG_ROB_OA_004	Run_17881_Lane1_Tag47, Run_17881_Lane2_Tag47, Run_18274_Lane1_Tag47, Run_18274_Lane2_Tag47
BRA_BRA_OA_001	Run_17567_Lane1_Tag21, Run_17567_Lane2_Tag21
FRA_SER_CH_003	Run_17881_Lane1_Tag10, Run_17881_Lane2_Tag10, Run_18274_Lane1_Tag10, Run_18274_Lane2_Tag10
FRA_SER_CH_002	Run_17881_Lane1_Tag9, Run_17881_Lane2_Tag9, Run_18274_Lane1_Tag9, Run_18274_Lane2_Tag9
FRA_SER_CH_001	Run_17881_Lane1_Tag8, Run_17881_Lane2_Tag8, Run_18274_Lane1_Tag8, Run_18274_Lane2_Tag8
AUS_WAL_OA_010	Run_18270_Lane1_Tag56, Run_18270_Lane2_Tag56, Run_18270_Lane3_Tag56, Run_18270_Lane4_Tag56
BRA_BRA_OA_009	Run_17567_Lane1_Tag29, Run_17567_Lane2_Tag29
FRA_SER_CH_004	Run_17881_Lane1_Tag11, Run_17881_Lane2_Tag11, Run_18274_Lane1_Tag11, Run_18274_Lane2_Tag11
CAP_CAP_CH_014	Run_17567_Lane1_Tag50, Run_17567_Lane2_Tag50
STA_WHR_OA_014	Run_18270_Lane1_Tag75, Run_18270_Lane2_Tag75, Run_18270_Lane3_Tag75, Run_18270_Lane4_Tag75
FRA_INB_OA_003	Run_17567_Lane1_Tag73, Run_17567_Lane2_Tag73, Run_18489_Lane8_Tag20, Run_18511_Lane1_Tag20
FRA_INB_OA_002	Run_17567_Lane1_Tag72, Run_17567_Lane2_Tag72, Run_18489_Lane8_Tag19, Run_18511_Lane1_Tag19, Run_23242_Lane1_Tag31, Run_24075_Lane1_Tag31, Run_24075_Lane2_Tag31, Run_24075_Lane3_Tag31, Run_24075_Lane4_Tag31, Run_24075_Lane5_Tag31
FRA_INB_OA_001	Run_17567_Lane1_Tag71, Run_17567_Lane2_Tag71, Run_18489_Lane8_Tag18, Run_18511_Lane1_Tag18
STA_OND_OA_0013	Run_18270_Lane1_Tag23, Run_18270_Lane2_Tag23, Run_18270_Lane3_Tag23, Run_18270_Lane4_Tag23
FRA_INB_OA_004	Run_17567_Lane1_Tag74, Run_17567_Lane2_Tag74, Run_18489_Lane8_Tag21, Run_18511_Lane1_Tag21
STO_STO_CH_007	Run_18270_Lane1_Tag44, Run_18270_Lane2_Tag44, Run_18270_Lane3_Tag44, Run_18270_Lane4_Tag44, Run_23242_Lane1_Tag20, Run_24075_Lane1_Tag20, Run_24075_Lane2_Tag20, Run_24075_Lane3_Tag20, Run_24075_Lane4_Tag20, Run_24075_Lane5_Tag20
ITA_NAP_CH_009	Run_18270_Lane1_Tag17, Run_18270_Lane2_Tag17, Run_18270_Lane3_Tag17, Run_18270_Lane4_Tag17
FRG_CES_OA_004	Run_17881_Lane1_Tag39, Run_17881_Lane2_Tag39, Run_18274_Lane1_Tag39, Run_18274_Lane2_Tag39
FRG_CES_OA_003	Run_17881_Lane1_Tag38, Run_17881_Lane2_Tag38, Run_18274_Lane1_Tag38, Run_18274_Lane2_Tag38
FRG_CES_OA_002	Run_17881_Lane1_Tag37, Run_17881_Lane2_Tag37, Run_18274_Lane1_Tag37, Run_18274_Lane2_Tag37
FRG_CES_OA_001	Run_17881_Lane1_Tag36, Run_17881_Lane2_Tag36, Run_18274_Lane1_Tag36, Run_18274_Lane2_Tag36
FRA_HER_OA_002	Run_17567_Lane1_Tag52, Run_17567_Lane2_Tag52
ZAI_ZAI_OA_014	Run_18270_Lane1_Tag89, Run_18270_Lane2_Tag89, Run_18270_Lane3_Tag89, Run_18270_Lane4_Tag89
ZAI_ZAI_OA_015	Run_18270_Lane1_Tag90, Run_18270_Lane2_Tag90, Run_18270_Lane3_Tag90, Run_18270_Lane4_Tag90
AUS_WAL_OA_014	Run_18270_Lane1_Tag60, Run_18270_Lane2_Tag60, Run_18270_Lane3_Tag60, Run_18270_Lane4_Tag60
STA_WHR_OA_012	Run_18270_Lane1_Tag73, Run_18270_Lane2_Tag73, Run_18270_Lane3_Tag73, Run_18270_Lane4_Tag73, Run_23242_Lane1_Tag33, Run_24075_Lane1_Tag33, Run_24075_Lane2_Tag33, Run_24075_Lane3_Tag33, Run_24075_Lane4_Tag33, Run_24075_Lane5_Tag33
ZAI_ZAI_OA_010	Run_18270_Lane1_Tag85, Run_18270_Lane2_Tag85, Run_18270_Lane3_Tag85, Run_18270_Lane4_Tag85
BEN_BEN_OA_0015	Run_17567_Lane1_Tag12, Run_17567_Lane2_Tag12
ZAI_ZAI_OA_012	Run_18270_Lane1_Tag87, Run_18270_Lane2_Tag87, Run_18270_Lane3_Tag87, Run_18270_Lane4_Tag87, Run_23242_Lane1_Tag42, Run_24075_Lane1_Tag42, Run_24075_Lane2_Tag42, Run_24075_Lane3_Tag42, Run_24075_Lane4_Tag42, Run_24075_Lane5_Tag42
ZAI_ZAI_OA_013	Run_18270_Lane1_Tag88, Run_18270_Lane2_Tag88, Run_18270_Lane3_Tag88, Run_18270_Lane4_Tag88
ITA_NAP_CH_001	Run_18270_Lane1_Tag9, Run_18270_Lane2_Tag9, Run_18270_Lane3_Tag9, Run_18270_Lane4_Tag9
ITA_NAP_CH_003	Run_18270_Lane1_Tag11, Run_18270_Lane2_Tag11, Run_18270_Lane3_Tag11, Run_18270_Lane4_Tag11, Run_23242_Lane1_Tag6, Run_24075_Lane1_Tag6, Run_24075_Lane2_Tag6, Run_24075_Lane3_Tag6, Run_24075_Lane4_Tag6, Run_24075_Lane5_Tag6
ITA_NAP_CH_005	Run_18270_Lane1_Tag13, Run_18270_Lane2_Tag13, Run_18270_Lane3_Tag13, Run_18270_Lane4_Tag13
ITA_NAP_CH_004	Run_18270_Lane1_Tag12, Run_18270_Lane2_Tag12, Run_18270_Lane3_Tag12, Run_18270_Lane4_Tag12, Run_23242_Lane1_Tag7, Run_24075_Lane1_Tag7, Run_24075_Lane2_Tag7, Run_24075_Lane3_Tag7, Run_24075_Lane4_Tag7, Run_24075_Lane5_Tag7
ITA_NAP_CH_007	Run_18270_Lane1_Tag15, Run_18270_Lane2_Tag15, Run_18270_Lane3_Tag15, Run_18270_Lane4_Tag15
ITA_NAP_CH_006	Run_18270_Lane1_Tag14, Run_18270_Lane2_Tag14, Run_18270_Lane3_Tag14, Run_18270_Lane4_Tag14, Run_23242_Lane1_Tag8, Run_24075_Lane1_Tag8, Run_24075_Lane2_Tag8, Run_24075_Lane3_Tag8, Run_24075_Lane4_Tag8, Run_24075_Lane5_Tag8
FRG_DAV_OA_001	Run_17881_Lane1_Tag40, Run_17881_Lane2_Tag40, Run_18274_Lane1_Tag40, Run_18274_Lane2_Tag40
ITA_NAP_CH_008	Run_18270_Lane1_Tag16, Run_18270_Lane2_Tag16, Run_18270_Lane3_Tag16, Run_18270_Lane4_Tag16
FRG_DAV_OA_003	Run_17881_Lane1_Tag42, Run_17881_Lane2_Tag42, Run_18274_Lane1_Tag42, Run_18274_Lane2_Tag42
FRG_DAV_OA_002	Run_17881_Lane1_Tag41, Run_17881_Lane2_Tag41, Run_18274_Lane1_Tag41, Run_18274_Lane2_Tag41
FRG_DAV_OA_004	Run_17881_Lane1_Tag43, Run_17881_Lane2_Tag43, Run_18274_Lane1_Tag43, Run_18274_Lane2_Tag43, Run_23242_Lane1_Tag19, Run_24075_Lane1_Tag19, Run_24075_Lane2_Tag19, Run_24075_Lane3_Tag19, Run_24075_Lane4_Tag19, Run_24075_Lane5_Tag19
BEN_BEN_OA_0011	Run_17567_Lane1_Tag8, Run_17567_Lane2_Tag8
BEN_BEN_OA_0010	Run_17567_Lane1_Tag7, Run_17567_Lane2_Tag7
FRA_HAI_OA_002	Run_17567_Lane1_Tag56, Run_17567_Lane2_Tag56
FRA_HAI_OA_003	Run_17567_Lane1_Tag57, Run_17567_Lane2_Tag57
FRA_DEL_OA_003	Run_17567_Lane1_Tag61, Run_17567_Lane2_Tag61
FRA_HAI_OA_001	Run_17567_Lane1_Tag55, Run_17567_Lane2_Tag55
FRA_DEL_OA_004	Run_17567_Lane1_Tag62, Run_17567_Lane2_Tag62
STA_KOK_OA_0014	Run_17881_Lane1_Tag60, Run_17881_Lane2_Tag60, Run_18274_Lane1_Tag60, Run_18274_Lane2_Tag60, Run_23242_Lane1_Tag26, Run_24075_Lane1_Tag26, Run_24075_Lane2_Tag26, Run_24075_Lane3_Tag26, Run_24075_Lane4_Tag26, Run_24075_Lane5_Tag26
STA_KOK_OA_0015	Run_17881_Lane1_Tag61, Run_17881_Lane2_Tag61, Run_18274_Lane1_Tag61, Run_18274_Lane2_Tag61
FRA_HER_OA_004	Run_17567_Lane1_Tag54, Run_17567_Lane2_Tag54
STA_KOK_OA_0010	Run_17881_Lane1_Tag56, Run_17881_Lane2_Tag56, Run_18274_Lane1_Tag56, Run_18274_Lane2_Tag56
STA_KOK_OA_0011	Run_17881_Lane1_Tag57, Run_17881_Lane2_Tag57, Run_18274_Lane1_Tag57, Run_18274_Lane2_Tag57
STA_KOK_OA_0012	Run_17881_Lane1_Tag58, Run_17881_Lane2_Tag58, Run_18274_Lane1_Tag58, Run_18274_Lane2_Tag58
STA_KOK_OA_0013	Run_17881_Lane1_Tag59, Run_17881_Lane2_Tag59, Run_18274_Lane1_Tag59, Run_18274_Lane2_Tag59
POR_ACO_CH_002	Run_17567_Lane1_Tag2, Run_17567_Lane2_Tag2
POR_ACO_CH_003	Run_17567_Lane1_Tag3, Run_17567_Lane2_Tag3, Run_18489_Lane8_Tag2, Run_18511_Lane1_Tag2
POR_ACO_CH_001	Run_17567_Lane1_Tag1, Run_17567_Lane2_Tag1, Run_18489_Lane8_Tag1, Run_18511_Lane1_Tag1
STA_KOK_OA_008	Run_17881_Lane1_Tag62, Run_17881_Lane2_Tag62, Run_18274_Lane1_Tag62, Run_18274_Lane2_Tag62, Run_23242_Lane1_Tag27, Run_24075_Lane1_Tag27, Run_24075_Lane2_Tag27, Run_24075_Lane3_Tag27, Run_24075_Lane4_Tag27, Run_24075_Lane5_Tag27
STA_KOK_OA_009	Run_17881_Lane1_Tag63, Run_17881_Lane2_Tag63, Run_18274_Lane1_Tag63, Run_18274_Lane2_Tag63
FRA_POU_CH_001	Run_17881_Lane1_Tag20, Run_17881_Lane2_Tag20, Run_18274_Lane1_Tag20, Run_18274_Lane2_Tag20
FRA_POU_CH_003	Run_17881_Lane1_Tag22, Run_17881_Lane2_Tag22, Run_18274_Lane1_Tag22, Run_18274_Lane2_Tag22
FRA_POU_CH_002	Run_17881_Lane1_Tag21, Run_17881_Lane2_Tag21, Run_18274_Lane1_Tag21, Run_18274_Lane2_Tag21, Run_23242_Lane1_Tag10, Run_24075_Lane1_Tag10, Run_24075_Lane2_Tag10, Run_24075_Lane3_Tag10, Run_24075_Lane4_Tag10, Run_24075_Lane5_Tag10
FRA_POU_CH_004	Run_17881_Lane1_Tag23, Run_17881_Lane2_Tag23, Run_18274_Lane1_Tag23, Run_18274_Lane2_Tag23
STA_KOK_OA_001	Run_17881_Lane1_Tag55, Run_17881_Lane2_Tag55, Run_18274_Lane1_Tag55, Run_18274_Lane2_Tag55
NAM_NAM_CH_0014	Run_17881_Lane1_Tag90, Run_17881_Lane2_Tag90, Run_18274_Lane1_Tag90, Run_18274_Lane2_Tag90
ZAI_ZAI_OA_009	Run_18270_Lane1_Tag84, Run_18270_Lane2_Tag84, Run_18270_Lane3_Tag84, Run_18270_Lane4_Tag84
FRA_DEL_OA_002	Run_17567_Lane1_Tag60, Run_17567_Lane2_Tag60
NAM_NAM_CH_008	Run_18270_Lane1_Tag1, Run_18270_Lane2_Tag1, Run_18270_Lane3_Tag1, Run_18270_Lane4_Tag1
NAM_NAM_CH_0015	Run_17881_Lane1_Tag91, Run_17881_Lane2_Tag91, Run_18274_Lane1_Tag91, Run_18274_Lane2_Tag91, Run_23242_Lane1_Tag43, Run_24075_Lane1_Tag43, Run_24075_Lane2_Tag43, Run_24075_Lane3_Tag43, Run_24075_Lane4_Tag43, Run_24075_Lane5_Tag43
ZAI_ZAI_OA_001	Run_18270_Lane1_Tag76, Run_18270_Lane2_Tag76, Run_18270_Lane3_Tag76, Run_18270_Lane4_Tag76
NAM_NAM_CH_015	Run_18270_Lane1_Tag8, Run_18270_Lane2_Tag8, Run_18270_Lane3_Tag8, Run_18270_Lane4_Tag8
NAM_NAM_CH_001	Run_17881_Lane1_Tag85, Run_17881_Lane2_Tag85, Run_18274_Lane1_Tag85, Run_18274_Lane2_Tag85, Run_23242_Lane1_Tag39, Run_24075_Lane1_Tag39, Run_24075_Lane2_Tag39, Run_24075_Lane3_Tag39, Run_24075_Lane4_Tag39, Run_24075_Lane5_Tag39
MOR_MAR_OA_0015	Run_17881_Lane1_Tag84, Run_17881_Lane2_Tag84, Run_18274_Lane1_Tag84, Run_18274_Lane2_Tag84, Run_23242_Lane1_Tag38, Run_24075_Lane1_Tag38, Run_24075_Lane2_Tag38, Run_24075_Lane3_Tag38, Run_24075_Lane4_Tag38, Run_24075_Lane5_Tag38
MOR_MAR_OA_0014	Run_17881_Lane1_Tag83, Run_17881_Lane2_Tag83, Run_18274_Lane1_Tag83, Run_18274_Lane2_Tag83, Run_23242_Lane1_Tag37, Run_24075_Lane1_Tag37, Run_24075_Lane2_Tag37, Run_24075_Lane3_Tag37, Run_24075_Lane4_Tag37, Run_24075_Lane5_Tag37
STO_STO_CH_001	Run_18270_Lane1_Tag38, Run_18270_Lane2_Tag38, Run_18270_Lane3_Tag38, Run_18270_Lane4_Tag38
MOR_MAR_OA_0011	Run_17881_Lane1_Tag80, Run_17881_Lane2_Tag80, Run_18274_Lane1_Tag80, Run_18274_Lane2_Tag80
MOR_MAR_OA_0010	Run_17881_Lane1_Tag79, Run_17881_Lane2_Tag79, Run_18274_Lane1_Tag79, Run_18274_Lane2_Tag79
MOR_MAR_OA_0013	Run_17881_Lane1_Tag82, Run_17881_Lane2_Tag82, Run_18274_Lane1_Tag82, Run_18274_Lane2_Tag82
MOR_MAR_OA_0012	Run_17881_Lane1_Tag81, Run_17881_Lane2_Tag81, Run_18274_Lane1_Tag81, Run_18274_Lane2_Tag81
FRA_BOL_CH_004	Run_17881_Lane1_Tag19, Run_17881_Lane2_Tag19, Run_18274_Lane1_Tag19, Run_18274_Lane2_Tag19, Run_23242_Lane1_Tag9, Run_24075_Lane1_Tag9, Run_24075_Lane2_Tag9, Run_24075_Lane3_Tag9, Run_24075_Lane4_Tag9, Run_24075_Lane5_Tag9
STA_KOK_OA_011	Run_17881_Lane1_Tag65, Run_17881_Lane2_Tag65, Run_18274_Lane1_Tag65, Run_18274_Lane2_Tag65, Run_23242_Lane1_Tag28, Run_24075_Lane1_Tag28, Run_24075_Lane2_Tag28, Run_24075_Lane3_Tag28, Run_24075_Lane4_Tag28, Run_24075_Lane5_Tag28
STO_STO_CH_008	Run_18270_Lane1_Tag45, Run_18270_Lane2_Tag45, Run_18270_Lane3_Tag45, Run_18270_Lane4_Tag45, Run_23242_Lane1_Tag21, Run_24075_Lane1_Tag21, Run_24075_Lane2_Tag21, Run_24075_Lane3_Tag21, Run_24075_Lane4_Tag21, Run_24075_Lane5_Tag21
STO_STO_CH_009	Run_18270_Lane1_Tag46, Run_18270_Lane2_Tag46, Run_18270_Lane3_Tag46, Run_18270_Lane4_Tag46
FRA_BOL_CH_001	Run_17881_Lane1_Tag16, Run_17881_Lane2_Tag16, Run_18274_Lane1_Tag16, Run_18274_Lane2_Tag16
FRA_BOL_CH_002	Run_17881_Lane1_Tag17, Run_17881_Lane2_Tag17, Run_18274_Lane1_Tag17, Run_18274_Lane2_Tag17
NAM_NAM_CH_0011	Run_17881_Lane1_Tag87, Run_17881_Lane2_Tag87, Run_18274_Lane1_Tag87, Run_18274_Lane2_Tag87
STA_KOK_OA_013	Run_17881_Lane1_Tag67, Run_17881_Lane2_Tag67, Run_18274_Lane1_Tag67, Run_18274_Lane2_Tag67
STA_OND_OA_0010	Run_18270_Lane1_Tag20, Run_18270_Lane2_Tag20, Run_18270_Lane3_Tag20, Run_18270_Lane4_Tag20
STA_OND_OA_0011	Run_18270_Lane1_Tag21, Run_18270_Lane2_Tag21, Run_18270_Lane3_Tag21, Run_18270_Lane4_Tag21
STA_OND_OA_0012	Run_18270_Lane1_Tag22, Run_18270_Lane2_Tag22, Run_18270_Lane3_Tag22, Run_18270_Lane4_Tag22
NAM_NAM_CH_0013	Run_17881_Lane1_Tag89, Run_17881_Lane2_Tag89, Run_18274_Lane1_Tag89, Run_18274_Lane2_Tag89
STA_OND_OA_0014	Run_18270_Lane1_Tag24, Run_18270_Lane2_Tag24, Run_18270_Lane3_Tag24, Run_18270_Lane4_Tag24
STA_OND_OA_0015	Run_18270_Lane1_Tag25, Run_18270_Lane2_Tag25, Run_18270_Lane3_Tag25, Run_18270_Lane4_Tag25
FRA_LAR_OA_003	Run_17567_Lane1_Tag65, Run_17567_Lane2_Tag65
FRA_LAR_OA_002	Run_17567_Lane1_Tag64, Run_17567_Lane2_Tag64
FRA_LAR_OA_001	Run_17567_Lane1_Tag63, Run_17567_Lane2_Tag63
AUS_WAL_OA_0011	Run_18270_Lane1_Tag49, Run_18270_Lane2_Tag49, Run_18270_Lane3_Tag49, Run_18270_Lane4_Tag49
STO_STO_CH_006	Run_18270_Lane1_Tag43, Run_18270_Lane2_Tag43, Run_18270_Lane3_Tag43, Run_18270_Lane4_Tag43
FRA_LAR_OA_004	Run_17567_Lane1_Tag66, Run_17567_Lane2_Tag66
STA_KOK_OA_015	Run_17881_Lane1_Tag69, Run_17881_Lane2_Tag69, Run_18274_Lane1_Tag69, Run_18274_Lane2_Tag69, Run_23242_Lane1_Tag30, Run_24075_Lane1_Tag30, Run_24075_Lane2_Tag30, Run_24075_Lane3_Tag30, Run_24075_Lane4_Tag30, Run_24075_Lane5_Tag30
STA_KOK_OA_014	Run_17881_Lane1_Tag68, Run_17881_Lane2_Tag68, Run_18274_Lane1_Tag68, Run_18274_Lane2_Tag68
NAM_NAM_CH_0010	Run_17881_Lane1_Tag86, Run_17881_Lane2_Tag86, Run_18274_Lane1_Tag86, Run_18274_Lane2_Tag86, Run_23242_Lane1_Tag40, Run_24075_Lane1_Tag40, Run_24075_Lane2_Tag40, Run_24075_Lane3_Tag40, Run_24075_Lane4_Tag40, Run_24075_Lane5_Tag40
STA_KOK_OA_010	Run_17881_Lane1_Tag64, Run_17881_Lane2_Tag64, Run_18274_Lane1_Tag64, Run_18274_Lane2_Tag64
NAM_NAM_CH_0012	Run_17881_Lane1_Tag88, Run_17881_Lane2_Tag88, Run_18274_Lane1_Tag88, Run_18274_Lane2_Tag88
STA_KOK_OA_012	Run_17881_Lane1_Tag66, Run_17881_Lane2_Tag66, Run_18274_Lane1_Tag66, Run_18274_Lane2_Tag66
MOR_MAR_OA_001	Run_17881_Lane1_Tag70, Run_17881_Lane2_Tag70, Run_18274_Lane1_Tag70, Run_18274_Lane2_Tag70
AUS_WAL_OA_013	Run_18270_Lane1_Tag59, Run_18270_Lane2_Tag59, Run_18270_Lane3_Tag59, Run_18270_Lane4_Tag59
MOR_MAR_OA_003	Run_17881_Lane1_Tag72, Run_17881_Lane2_Tag72, Run_18274_Lane1_Tag72, Run_18274_Lane2_Tag72
MOR_MAR_OA_002	Run_17881_Lane1_Tag71, Run_17881_Lane2_Tag71, Run_18274_Lane1_Tag71, Run_18274_Lane2_Tag71
MOR_MAR_OA_005	Run_17881_Lane1_Tag74, Run_17881_Lane2_Tag74, Run_18274_Lane1_Tag74, Run_18274_Lane2_Tag74
MOR_MAR_OA_006	Run_17881_Lane1_Tag75, Run_17881_Lane2_Tag75, Run_18274_Lane1_Tag75, Run_18274_Lane2_Tag75
FRG_DEJ_OA_001	Run_17881_Lane1_Tag28, Run_17881_Lane2_Tag28, Run_18274_Lane1_Tag28, Run_18274_Lane2_Tag28, Run_23242_Lane1_Tag13, Run_24075_Lane1_Tag13, Run_24075_Lane2_Tag13, Run_24075_Lane3_Tag13, Run_24075_Lane4_Tag13, Run_24075_Lane5_Tag13
MOR_MAR_OA_008	Run_17881_Lane1_Tag77, Run_17881_Lane2_Tag77, Run_18274_Lane1_Tag77, Run_18274_Lane2_Tag77
FRG_DEJ_OA_003	Run_17881_Lane1_Tag30, Run_17881_Lane2_Tag30, Run_18274_Lane1_Tag30, Run_18274_Lane2_Tag30, Run_23242_Lane1_Tag15, Run_24075_Lane1_Tag15, Run_24075_Lane2_Tag15, Run_24075_Lane3_Tag15, Run_24075_Lane4_Tag15, Run_24075_Lane5_Tag15
FRG_DEJ_OA_002	Run_17881_Lane1_Tag29, Run_17881_Lane2_Tag29, Run_18274_Lane1_Tag29, Run_18274_Lane2_Tag29, Run_23242_Lane1_Tag14, Run_24075_Lane1_Tag14, Run_24075_Lane2_Tag14, Run_24075_Lane3_Tag14, Run_24075_Lane4_Tag14, Run_24075_Lane5_Tag14
FRA_DEL_OA_001	Run_17567_Lane1_Tag59, Run_17567_Lane2_Tag59
FRG_DEJ_OA_004	Run_17881_Lane1_Tag31, Run_17881_Lane2_Tag31, Run_18274_Lane1_Tag31, Run_18274_Lane2_Tag31
NAM_NAM_CH_013	Run_18270_Lane1_Tag6, Run_18270_Lane2_Tag6, Run_18270_Lane3_Tag6, Run_18270_Lane4_Tag6, Run_23242_Lane1_Tag5, Run_24075_Lane1_Tag5, Run_24075_Lane2_Tag5, Run_24075_Lane3_Tag5, Run_24075_Lane4_Tag5, Run_24075_Lane5_Tag5
FRA_GAR_OA_001	Run_17567_Lane1_Tag67, Run_17567_Lane2_Tag67, Run_18489_Lane8_Tag14, Run_18511_Lane1_Tag14, Run_23242_Lane1_Tag29, Run_24075_Lane1_Tag29, Run_24075_Lane2_Tag29, Run_24075_Lane3_Tag29, Run_24075_Lane4_Tag29, Run_24075_Lane5_Tag29
ZAI_ZAI_OA_0013	Run_18270_Lane1_Tag80, Run_18270_Lane2_Tag80, Run_18270_Lane3_Tag80, Run_18270_Lane4_Tag80
STA_OND_OA_001	Run_18270_Lane1_Tag19, Run_18270_Lane2_Tag19, Run_18270_Lane3_Tag19, Run_18270_Lane4_Tag19
FRA_LAT_OA_000	Run_17567_Lane1_Tag75, Run_17567_Lane2_Tag75
ZAI_ZAI_OA_0012	Run_18270_Lane1_Tag79, Run_18270_Lane2_Tag79, Run_18270_Lane3_Tag79, Run_18270_Lane4_Tag79
FRG_AVE_OA_004	Run_17881_Lane1_Tag27, Run_17881_Lane2_Tag27, Run_18274_Lane1_Tag27, Run_18274_Lane2_Tag27
STA_OND_OA_008	Run_18270_Lane1_Tag26, Run_18270_Lane2_Tag26, Run_18270_Lane3_Tag26, Run_18270_Lane4_Tag26
STA_OND_OA_009	Run_18270_Lane1_Tag27, Run_18270_Lane2_Tag27, Run_18270_Lane3_Tag27, Run_18270_Lane4_Tag27
FRG_AVE_OA_001	Run_17881_Lane1_Tag24, Run_17881_Lane2_Tag24, Run_18274_Lane1_Tag24, Run_18274_Lane2_Tag24
FRG_AVE_OA_002	Run_17881_Lane1_Tag25, Run_17881_Lane2_Tag25, Run_18274_Lane1_Tag25, Run_18274_Lane2_Tag25
FRG_AVE_OA_003	Run_17881_Lane1_Tag26, Run_17881_Lane2_Tag26, Run_18274_Lane1_Tag26, Run_18274_Lane2_Tag26
MOR_MAR_OA_009	Run_17881_Lane1_Tag78, Run_17881_Lane2_Tag78, Run_18274_Lane1_Tag78, Run_18274_Lane2_Tag78, Run_23242_Lane1_Tag35, Run_24075_Lane1_Tag35, Run_24075_Lane2_Tag35, Run_24075_Lane3_Tag35, Run_24075_Lane4_Tag35, Run_24075_Lane5_Tag35
ZAI_ZAI_OA_0010	Run_18270_Lane1_Tag77, Run_18270_Lane2_Tag77, Run_18270_Lane3_Tag77, Run_18270_Lane4_Tag77
AUS_WAL_OA_015	Run_18270_Lane1_Tag61, Run_18270_Lane2_Tag61, Run_18270_Lane3_Tag61, Run_18270_Lane4_Tag61
NAM_NAM_CH_014	Run_18270_Lane1_Tag7, Run_18270_Lane2_Tag7, Run_18270_Lane3_Tag7, Run_18270_Lane4_Tag7
BRA_BRA_OA_008	Run_17567_Lane1_Tag28, Run_17567_Lane2_Tag28
FRA_GAR_OA_004	Run_17567_Lane1_Tag70, Run_17567_Lane2_Tag70, Run_18489_Lane8_Tag17, Run_18511_Lane1_Tag17
AUS_WAL_OA_001	Run_18270_Lane1_Tag47, Run_18270_Lane2_Tag47, Run_18270_Lane3_Tag47, Run_18270_Lane4_Tag47
STO_STO_CH_004	Run_18270_Lane1_Tag41, Run_18270_Lane2_Tag41, Run_18270_Lane3_Tag41, Run_18270_Lane4_Tag41
POR_ACO_CH_004	Run_17567_Lane1_Tag4, Run_17567_Lane2_Tag4
ZAI_ZAI_OA_008	Run_18270_Lane1_Tag83, Run_18270_Lane2_Tag83, Run_18270_Lane3_Tag83, Run_18270_Lane4_Tag83
FRA_GAR_OA_002	Run_17567_Lane1_Tag68, Run_17567_Lane2_Tag68, Run_18489_Lane8_Tag15, Run_18511_Lane1_Tag15
POR_ACO_CH_005	Run_17567_Lane1_Tag5, Run_17567_Lane2_Tag5, Run_18489_Lane8_Tag3, Run_18511_Lane1_Tag3, Run_23242_Lane1_Tag4, Run_24075_Lane1_Tag4, Run_24075_Lane2_Tag4, Run_24075_Lane3_Tag4, Run_24075_Lane4_Tag4, Run_24075_Lane5_Tag4
FRA_GAR_OA_003	Run_17567_Lane1_Tag69, Run_17567_Lane2_Tag69, Run_18489_Lane8_Tag16, Run_18511_Lane1_Tag16
NAM_NAM_CH_012	Run_18270_Lane1_Tag5, Run_18270_Lane2_Tag5, Run_18270_Lane3_Tag5, Run_18270_Lane4_Tag5
AUS_WAL_OA_012	Run_18270_Lane1_Tag58, Run_18270_Lane2_Tag58, Run_18270_Lane3_Tag58, Run_18270_Lane4_Tag58
STA_OND_OA_011	Run_18270_Lane1_Tag29, Run_18270_Lane2_Tag29, Run_18270_Lane3_Tag29, Run_18270_Lane4_Tag29
STA_OND_OA_010	Run_18270_Lane1_Tag28, Run_18270_Lane2_Tag28, Run_18270_Lane3_Tag28, Run_18270_Lane4_Tag28
STA_OND_OA_013	Run_18270_Lane1_Tag31, Run_18270_Lane2_Tag31, Run_18270_Lane3_Tag31, Run_18270_Lane4_Tag31
STA_OND_OA_012	Run_18270_Lane1_Tag30, Run_18270_Lane2_Tag30, Run_18270_Lane3_Tag30, Run_18270_Lane4_Tag30
STA_OND_OA_015	Run_18270_Lane1_Tag33, Run_18270_Lane2_Tag33, Run_18270_Lane3_Tag33, Run_18270_Lane4_Tag33, Run_23242_Lane1_Tag16, Run_24075_Lane1_Tag16, Run_24075_Lane2_Tag16, Run_24075_Lane3_Tag16, Run_24075_Lane4_Tag16, Run_24075_Lane5_Tag16
STA_OND_OA_014	Run_18270_Lane1_Tag32, Run_18270_Lane2_Tag32, Run_18270_Lane3_Tag32, Run_18270_Lane4_Tag32
STA_WHR_OA_0014	Run_18270_Lane1_Tag66, Run_18270_Lane2_Tag66, Run_18270_Lane3_Tag66, Run_18270_Lane4_Tag66
FRA_BER_CH_001	Run_17881_Lane1_Tag12, Run_17881_Lane2_Tag12, Run_18274_Lane1_Tag12, Run_18274_Lane2_Tag12
FRA_BER_CH_002	Run_17881_Lane1_Tag13, Run_17881_Lane2_Tag13, Run_18274_Lane1_Tag13, Run_18274_Lane2_Tag13
FRA_BER_CH_003	Run_17881_Lane1_Tag14, Run_17881_Lane2_Tag14, Run_18274_Lane1_Tag14, Run_18274_Lane2_Tag14
FRA_BER_CH_004	Run_17881_Lane1_Tag15, Run_17881_Lane2_Tag15, Run_18274_Lane1_Tag15, Run_18274_Lane2_Tag15
STA_WHR_OA_0011	Run_18270_Lane1_Tag63, Run_18270_Lane2_Tag63, Run_18270_Lane3_Tag63, Run_18270_Lane4_Tag63
STA_WHR_OA_0012	Run_18270_Lane1_Tag64, Run_18270_Lane2_Tag64, Run_18270_Lane3_Tag64, Run_18270_Lane4_Tag64
STA_WHR_OA_0013	Run_18270_Lane1_Tag65, Run_18270_Lane2_Tag65, Run_18270_Lane3_Tag65, Run_18270_Lane4_Tag65
STO_STO_CH_005	Run_18270_Lane1_Tag42, Run_18270_Lane2_Tag42, Run_18270_Lane3_Tag42, Run_18270_Lane4_Tag42
FRA_ORB_OA_001	Run_18270_Lane1_Tag34, Run_18270_Lane2_Tag34, Run_18270_Lane3_Tag34, Run_18270_Lane4_Tag34, Run_23242_Lane1_Tag17, Run_24075_Lane1_Tag17, Run_24075_Lane2_Tag17, Run_24075_Lane3_Tag17, Run_24075_Lane4_Tag17, Run_24075_Lane5_Tag17
FRA_ORB_OA_003	Run_18270_Lane1_Tag36, Run_18270_Lane2_Tag36, Run_18270_Lane3_Tag36, Run_18270_Lane4_Tag36
ITA_NAP_CH_010	Run_18270_Lane1_Tag18, Run_18270_Lane2_Tag18, Run_18270_Lane3_Tag18, Run_18270_Lane4_Tag18
FRA_ORB_OA_004	Run_18270_Lane1_Tag37, Run_18270_Lane2_Tag37, Run_18270_Lane3_Tag37, Run_18270_Lane4_Tag37
STA_WHR_OA_0015	Run_18270_Lane1_Tag67, Run_18270_Lane2_Tag67, Run_18270_Lane3_Tag67, Run_18270_Lane4_Tag67
BRA_BRA_OA_0015	Run_17567_Lane1_Tag27, Run_17567_Lane2_Tag27, Run_18489_Lane8_Tag8, Run_18511_Lane1_Tag8, Run_23242_Lane1_Tag12, Run_24075_Lane1_Tag12, Run_24075_Lane2_Tag12, Run_24075_Lane3_Tag12, Run_24075_Lane4_Tag12, Run_24075_Lane5_Tag12
BRA_BRA_OA_0014	Run_17567_Lane1_Tag26, Run_17567_Lane2_Tag26
BRA_BRA_OA_0013	Run_17567_Lane1_Tag25, Run_17567_Lane2_Tag25, Run_18489_Lane8_Tag7, Run_18511_Lane1_Tag7, Run_23242_Lane1_Tag11, Run_24075_Lane1_Tag11, Run_24075_Lane2_Tag11, Run_24075_Lane3_Tag11, Run_24075_Lane4_Tag11, Run_24075_Lane5_Tag11
BRA_BRA_OA_0012	Run_17567_Lane1_Tag24, Run_17567_Lane2_Tag24
BRA_BRA_OA_0011	Run_17567_Lane1_Tag23, Run_17567_Lane2_Tag23
BRA_BRA_OA_0010	Run_17567_Lane1_Tag22, Run_17567_Lane2_Tag22
ZAI_ZAI_OA_0014	Run_18270_Lane1_Tag81, Run_18270_Lane2_Tag81, Run_18270_Lane3_Tag81, Run_18270_Lane4_Tag81, Run_23242_Lane1_Tag36, Run_24075_Lane1_Tag36, Run_24075_Lane2_Tag36, Run_24075_Lane3_Tag36, Run_24075_Lane4_Tag36, Run_24075_Lane5_Tag36
CAP_CAP_CH_0014	Run_17567_Lane1_Tag41, Run_17567_Lane2_Tag41
AUS_WAL_OA_0014	Run_18270_Lane1_Tag52, Run_18270_Lane2_Tag52, Run_18270_Lane3_Tag52, Run_18270_Lane4_Tag52
AUS_WAL_OA_0015	Run_18270_Lane1_Tag53, Run_18270_Lane2_Tag53, Run_18270_Lane3_Tag53, Run_18270_Lane4_Tag53, Run_23242_Lane1_Tag24, Run_24075_Lane1_Tag24, Run_24075_Lane2_Tag24, Run_24075_Lane3_Tag24, Run_24075_Lane4_Tag24, Run_24075_Lane5_Tag24
AUS_WAL_OA_0012	Run_18270_Lane1_Tag50, Run_18270_Lane2_Tag50, Run_18270_Lane3_Tag50, Run_18270_Lane4_Tag50
AUS_WAL_OA_0013	Run_18270_Lane1_Tag51, Run_18270_Lane2_Tag51, Run_18270_Lane3_Tag51, Run_18270_Lane4_Tag51
AUS_WAL_OA_0010	Run_18270_Lane1_Tag48, Run_18270_Lane2_Tag48, Run_18270_Lane3_Tag48, Run_18270_Lane4_Tag48
CAP_CAP_CH_0015	Run_17567_Lane1_Tag42, Run_17567_Lane2_Tag42, Run_18489_Lane8_Tag12, Run_18511_Lane1_Tag12
STA_WHR_OA_001	Run_18270_Lane1_Tag62, Run_18270_Lane2_Tag62, Run_18270_Lane3_Tag62, Run_18270_Lane4_Tag62
NAM_NAM_CH_011	Run_18270_Lane1_Tag4, Run_18270_Lane2_Tag4, Run_18270_Lane3_Tag4, Run_18270_Lane4_Tag4
FRA_HER_OA_003	Run_17567_Lane1_Tag53, Run_17567_Lane2_Tag53
CAP_CAP_CH_0010	Run_17567_Lane1_Tag37, Run_17567_Lane2_Tag37, Run_18489_Lane8_Tag10, Run_18511_Lane1_Tag10
FRA_HER_OA_001	Run_17567_Lane1_Tag51, Run_17567_Lane2_Tag51
NAM_NAM_CH_009	Run_18270_Lane1_Tag2, Run_18270_Lane2_Tag2, Run_18270_Lane3_Tag2, Run_18270_Lane4_Tag2, Run_23242_Lane1_Tag1, Run_24075_Lane1_Tag1, Run_24075_Lane2_Tag1, Run_24075_Lane3_Tag1, Run_24075_Lane4_Tag1, Run_24075_Lane5_Tag1
FRG_MEY_OA_003	Run_17881_Lane1_Tag35, Run_17881_Lane2_Tag35, Run_18274_Lane1_Tag35, Run_18274_Lane2_Tag35, Run_23242_Lane1_Tag18, Run_24075_Lane1_Tag18, Run_24075_Lane2_Tag18, Run_24075_Lane3_Tag18, Run_24075_Lane4_Tag18, Run_24075_Lane5_Tag18
FRG_MEY_OA_002	Run_17881_Lane1_Tag33, Run_17881_Lane2_Tag33, Run_18274_Lane1_Tag33, Run_18274_Lane2_Tag33
FRG_MEY_OA_001	Run_17881_Lane1_Tag32, Run_17881_Lane2_Tag32, Run_18274_Lane1_Tag32, Run_18274_Lane2_Tag32
CAP_CAP_CH_0011	Run_17567_Lane1_Tag38, Run_17567_Lane2_Tag38
ITA_NAP_CH_0010	Run_18270_Lane1_Tag10, Run_18270_Lane2_Tag10, Run_18270_Lane3_Tag10, Run_18270_Lane4_Tag10
STA_WHR_OA_008	Run_18270_Lane1_Tag69, Run_18270_Lane2_Tag69, Run_18270_Lane3_Tag69, Run_18270_Lane4_Tag69
STA_WHR_OA_009	Run_18270_Lane1_Tag70, Run_18270_Lane2_Tag70, Run_18270_Lane3_Tag70, Run_18270_Lane4_Tag70
STA_WHR_OA_007	Run_18270_Lane1_Tag68, Run_18270_Lane2_Tag68, Run_18270_Lane3_Tag68, Run_18270_Lane4_Tag68
NAM_NAM_CH_010	Run_18270_Lane1_Tag3, Run_18270_Lane2_Tag3, Run_18270_Lane3_Tag3, Run_18270_Lane4_Tag3, Run_23242_Lane1_Tag2, Run_24075_Lane1_Tag2, Run_24075_Lane2_Tag2, Run_24075_Lane3_Tag2, Run_24075_Lane4_Tag2, Run_24075_Lane5_Tag2
IND_IND_CH_006	Run_17881_Lane1_Tag53, Run_17881_Lane2_Tag53, Run_18274_Lane1_Tag53, Run_18274_Lane2_Tag53
IND_IND_CH_007	Run_17881_Lane1_Tag54, Run_17881_Lane2_Tag54, Run_18274_Lane1_Tag54, Run_18274_Lane2_Tag54
IND_IND_CH_004	Run_17881_Lane1_Tag51, Run_17881_Lane2_Tag51, Run_18274_Lane1_Tag51, Run_18274_Lane2_Tag51
IND_IND_CH_005	Run_17881_Lane1_Tag52, Run_17881_Lane2_Tag52, Run_18274_Lane1_Tag52, Run_18274_Lane2_Tag52, Run_23242_Lane1_Tag23, Run_24075_Lane1_Tag23, Run_24075_Lane2_Tag23, Run_24075_Lane3_Tag23, Run_24075_Lane4_Tag23, Run_24075_Lane5_Tag23
IND_IND_CH_002	Run_17881_Lane1_Tag49, Run_17881_Lane2_Tag49, Run_18274_Lane1_Tag49, Run_18274_Lane2_Tag49, Run_23242_Lane1_Tag22, Run_24075_Lane1_Tag22, Run_24075_Lane2_Tag22, Run_24075_Lane3_Tag22, Run_24075_Lane4_Tag22, Run_24075_Lane5_Tag22
IND_IND_CH_003	Run_17881_Lane1_Tag50, Run_17881_Lane2_Tag50, Run_18274_Lane1_Tag50, Run_18274_Lane2_Tag50
ZAI_ZAI_OA_0015	Run_18270_Lane1_Tag82, Run_18270_Lane2_Tag82, Run_18270_Lane3_Tag82, Run_18270_Lane4_Tag82
IND_IND_CH_001	Run_17881_Lane1_Tag48, Run_17881_Lane2_Tag48, Run_18274_Lane1_Tag48, Run_18274_Lane2_Tag48
FRA_HUM_CH_004	Run_17881_Lane1_Tag7, Run_17881_Lane2_Tag7, Run_18274_Lane1_Tag7, Run_18274_Lane2_Tag7
FRA_HUM_CH_003	Run_17881_Lane1_Tag6, Run_17881_Lane2_Tag6, Run_18274_Lane1_Tag6, Run_18274_Lane2_Tag6
FRA_HUM_CH_002	Run_17881_Lane1_Tag5, Run_17881_Lane2_Tag5, Run_18274_Lane1_Tag5, Run_18274_Lane2_Tag5
FRA_HUM_CH_001	Run_17881_Lane1_Tag4, Run_17881_Lane2_Tag4, Run_18274_Lane1_Tag4, Run_18274_Lane2_Tag4, Run_23242_Lane1_Tag3, Run_24075_Lane1_Tag3, Run_24075_Lane2_Tag3, Run_24075_Lane3_Tag3, Run_24075_Lane4_Tag3, Run_24075_Lane5_Tag3
